
ğŸ” Validating migration results...
============================================================
ğŸ“Š Validating 38 questions

ğŸ“ Validating Question 1/38
--------------------------------------------------
  ğŸ” Validating Question 4019: Count calculation 1
    ğŸ“Š Database ID: 16
    ğŸ“ Query Type: native
    ğŸ” SQL Preview: select count(1) AS count_calculations_1
from MART__CALCULATIONS_UNIQ
where {{FIRST_period}} and
{{Pa...
    âœ… Query executed successfully!
    ğŸ“Š Rows returned: 1
    ğŸ“‹ Columns: 1
    ğŸ“ Column names: ['count_calculations_1']
    ğŸ“ˆ First row: [38780919]

ğŸ“ Validating Question 2/38
--------------------------------------------------
  ğŸ” Validating Question 4012: Count calculation 2
    ğŸ“Š Database ID: 16
    ğŸ“ Query Type: native
    ğŸ” SQL Preview: select count(1) AS count_calculations_2
from MART__CALCULATIONS_UNIQ
where {{Second_period}} and
{{P...
    âœ… Query executed successfully!
    ğŸ“Š Rows returned: 1
    ğŸ“‹ Columns: 1
    ğŸ“ Column names: ['count_calculations_2']
    ğŸ“ˆ First row: [38780919]

ğŸ“ Validating Question 3/38
--------------------------------------------------
  ğŸ” Validating Question 4014: Change count calculations
    ğŸ“Š Database ID: 16
    ğŸ“ Query Type: native
    ğŸ” SQL Preview: select (count(case when {{First_period}} then 1 end)-count(case when {{Second_period}} then 1 end))/...
    âœ… Query executed successfully!
    ğŸ“Š Rows returned: 1
    ğŸ“‹ Columns: 1
    ğŸ“ Column names: ['count_calculations_change']
    ğŸ“ˆ First row: [0.0]

ğŸ“ Validating Question 4/38
--------------------------------------------------
  ğŸ” Validating Question 4021: Conversion calculation 1
    ğŸ“Š Database ID: 16
    ğŸ“ Query Type: native
    ğŸ” SQL Preview: select count(case when T_CONFIRMED then 1 end)/count(1) AS count_calculations_1
from MART__CALCULATI...
    âœ… Query executed successfully!
    ğŸ“Š Rows returned: 1
    ğŸ“‹ Columns: 1
    ğŸ“ Column names: ['count_calculations_1']
    ğŸ“ˆ First row: [0.12285918237265084]

ğŸ“ Validating Question 5/38
--------------------------------------------------
  ğŸ” Validating Question 4025: Conversion calculation 2
    ğŸ“Š Database ID: 16
    ğŸ“ Query Type: native
    ğŸ” SQL Preview: select count(case when t_confirmed then 1 end)/count(1) AS count_calculations_2
from MART__CALCULATI...
    âœ… Query executed successfully!
    ğŸ“Š Rows returned: 1
    ğŸ“‹ Columns: 1
    ğŸ“ Column names: ['count_calculations_2']
    ğŸ“ˆ First row: [0.12285918237265084]

ğŸ“ Validating Question 6/38
--------------------------------------------------
  ğŸ” Validating Question 3989: Change conversion calculation
    ğŸ“Š Database ID: 16
    ğŸ“ Query Type: native
    ğŸ” SQL Preview: select count(case when {{First_period}} and t_confirmed then 1 end)/count(case when {{First_period}}...
    âœ… Query executed successfully!
    ğŸ“Š Rows returned: 1
    ğŸ“‹ Columns: 1
    ğŸ“ Column names: ['count_calculations_change']
    ğŸ“ˆ First row: [0.0]

ğŸ“ Validating Question 7/38
--------------------------------------------------
  ğŸ” Validating Question 3988: Count created transactions 1
    ğŸ“Š Database ID: 16
    ğŸ“ Query Type: native
    ğŸ” SQL Preview: select count(1) AS count_calculations_1
from MART__TRANSACTIONS 
left join MART.KYC_STATUS_TRANSACTI...
    âŒ SQL Error: Cannot run the query: missing required parameters: #{"KYC_STATUS_CRYPTO"}

ğŸ“ Validating Question 8/38
--------------------------------------------------
  ğŸ” Validating Question 4020: Count created transactions 2
    ğŸ“Š Database ID: 16
    ğŸ“ Query Type: native
    ğŸ” SQL Preview: select count(1) AS count_calculations_2
from MART.Transactions
left join MART.KYC_STATUS_TRANSACTION...
    âŒ SQL Error: Cannot run the query: missing required parameters: #{"kyc_status_crypto"}

ğŸ“ Validating Question 9/38
--------------------------------------------------
  ğŸ” Validating Question 4006: Change count created transaction 
    ğŸ“Š Database ID: 16
    ğŸ“ Query Type: native
    ğŸ” SQL Preview: select (count(case when {{First_period}} then 1 end)-count(case when {{Second_period}} then 1 end))/...
    âŒ SQL Error: Cannot run the query: missing required parameters: #{"kyc_status_crypto"}

ğŸ“ Validating Question 10/38
--------------------------------------------------
  ğŸ” Validating Question 3993: AR 1
    ğŸ“Š Database ID: 16
    ğŸ“ Query Type: native
    ğŸ” SQL Preview: select count(case when MART__TRANSACTIONS.confirmed then 1 end)/count(1) AS count_calculations_1
fro...
    âŒ SQL Error: Cannot run the query: missing required parameters: #{"kyc_status_crypto"}

ğŸ“ Validating Question 11/38
--------------------------------------------------
  ğŸ” Validating Question 4011: AR 2
    ğŸ“Š Database ID: 16
    ğŸ“ Query Type: native
    ğŸ” SQL Preview: select count(case when MART__TRANSACTIONS.confirmed then 1 end)/count(1) AS count_calculations_2
fro...
    âŒ SQL Error: Cannot run the query: missing required parameters: #{"rec_status_crypto"}

ğŸ“ Validating Question 12/38
--------------------------------------------------
  ğŸ” Validating Question 4016: Change AR
    ğŸ“Š Database ID: 16
    ğŸ“ Query Type: native
    ğŸ” SQL Preview: select count(case when {{First_period}} and transactions.confirmed then 1 end)/count(case when {{Fir...
    âŒ SQL Error: Cannot run the query: missing required parameters: #{"kyc_status_crypto"}

ğŸ“ Validating Question 13/38
--------------------------------------------------
  ğŸ” Validating Question 3995: Count failed transactions 1
    ğŸ“Š Database ID: 16
    ğŸ“ Query Type: native
    ğŸ” SQL Preview: select count(1) AS count_calculations_1
from MART__TRANSACTIONS
left join MART.KYC_STATUS_TRANSACTIO...
    âŒ SQL Error: Cannot run the query: missing required parameters: #{"kyc_status_crypto"}

ğŸ“ Validating Question 14/38
--------------------------------------------------
  ğŸ” Validating Question 4017: Count failed transactions 2
    ğŸ“Š Database ID: 16
    ğŸ“ Query Type: native
    ğŸ” SQL Preview: select count(1) AS count_calculations_2
from MART.Transactions
left join MART.KYC_STATUS_TRANSACTION...
    âŒ SQL Error: Cannot run the query: missing required parameters: #{"kyc_status_crypto"}

ğŸ“ Validating Question 15/38
--------------------------------------------------
  ğŸ” Validating Question 4002: Change count failed transaction 
    ğŸ“Š Database ID: 16
    ğŸ“ Query Type: native
    ğŸ” SQL Preview: select (count(case when {{First_period}} then 1 end)-count(case when {{Second_period}} then 1 end))/...
    âŒ SQL Error: Cannot run the query: missing required parameters: #{"kyc_status_crypto"}

ğŸ“ Validating Question 16/38
--------------------------------------------------
  ğŸ” Validating Question 3998: Group failed reason 1
    ğŸ“Š Database ID: 16
    ğŸ“ Query Type: native
    ğŸ” SQL Preview: select GROUP_FAILED_REASON
     , count(case when MART__TRANSACTIONS.CONFIRMED is false then 1 end) ...
    âŒ SQL Error: Cannot run the query: missing required parameters: #{"kyc_status_crypto"}

ğŸ“ Validating Question 17/38
--------------------------------------------------
  ğŸ” Validating Question 4013: Group failed reason 2
    ğŸ“Š Database ID: 16
    ğŸ“ Query Type: native
    ğŸ” SQL Preview: select GROUP_FAILED_REASON
     , count(case when MART__TRANSACTIONS.CONFIRMED is false then 1 end) ...
    âŒ SQL Error: Cannot run the query: missing required parameters: #{"kyc_status_crypto"}

ğŸ“ Validating Question 18/38
--------------------------------------------------
  ğŸ” Validating Question 4009: Count calculations by partner 1
    ğŸ“Š Database ID: 16
    ğŸ“ Query Type: native
    ğŸ” SQL Preview: select Partner_name, count(1) as COUNT_CALCULATIONS_1, count(case when T_CONFIRMED then 1 end)/count...
    âœ… Query executed successfully!
    ğŸ“Š Rows returned: 248
    ğŸ“‹ Columns: 3
    ğŸ“ Column names: ['Partner_name', 'COUNT_CALCULATIONS_1', 'conversion_to_completed_transacntions']
    ğŸ“ˆ First row: ['TrustWallet', 9747869, 0.19928170967418624]
    ğŸ“ˆ Second row: ['Tonkeeper', 9242071, 0.021829414640939244]

ğŸ“ Validating Question 19/38
--------------------------------------------------
  ğŸ” Validating Question 3996: Count calculations by partner 2
    ğŸ“Š Database ID: 16
    ğŸ“ Query Type: native
    ğŸ” SQL Preview: select Partner_name, count(1) AS count_calculations_2, count(case when T_CONFIRMED then 1 end)/count...
    âœ… Query executed successfully!
    ğŸ“Š Rows returned: 248
    ğŸ“‹ Columns: 3
    ğŸ“ Column names: ['Partner_name', 'count_calculations_2', 'conversion_to_completed_transacntions']
    ğŸ“ˆ First row: ['TrustWallet', 9747869, 0.19928170967418624]
    ğŸ“ˆ Second row: ['Tonkeeper', 9242071, 0.021829414640939244]

ğŸ“ Validating Question 20/38
--------------------------------------------------
  ğŸ” Validating Question 4018: Turnover by partner 1
    ğŸ“Š Database ID: 16
    ğŸ“ Query Type: native
    ğŸ” SQL Preview: select widget_partner_name, count(1) AS count_completed_transactions_1, sum(Turnover_EUR) as Turnove...
    âŒ SQL Error: Cannot run the query: missing required parameters: #{"kyc_transaction_crypto"}

ğŸ“ Validating Question 21/38
--------------------------------------------------
  ğŸ” Validating Question 3999: Turnover by partner 2
    ğŸ“Š Database ID: 16
    ğŸ“ Query Type: native
    ğŸ” SQL Preview: select widget_partner_name, count(1) AS count_completed_transactions_1, sum(Turnover_EUR) as Turnove...
    âŒ SQL Error: Cannot run the query: missing required parameters: #{"kyc_status_crypto"}

ğŸ“ Validating Question 22/38
--------------------------------------------------
  ğŸ” Validating Question 4015: Antifraud reason changing
    ğŸ“Š Database ID: 16
    ğŸ“ Query Type: native
    ğŸ” SQL Preview: 

select REASON_REJECT
     , count(case when {{First_period}} then 1 end) as COUNT_1
     , count(c...
    âŒ SQL Error: Getting syntax error at line 18, column 22. Detail message: Unexpected input 'false', the most similar input is {'NULL', 'NOT'}.

ğŸ“ Validating Question 23/38
--------------------------------------------------
  ğŸ” Validating Question 4003: SumSub reason reject changings
    ğŸ“Š Database ID: 16
    ğŸ“ Query Type: native
    ğŸ” SQL Preview: WITH list_users AS (select USER_ID, KYC_START_AT
                        from MART__USERS
          ...
    âŒ SQL Error: Getting analyzing error from line 17, column 49 to line 17, column 66. Detail message: No matching function with signature: is_number(varchar(256)).

ğŸ“ Validating Question 24/38
--------------------------------------------------
  ğŸ” Validating Question 4000: Count completed transactions 1
    ğŸ“Š Database ID: 16
    ğŸ“ Query Type: native
    ğŸ” SQL Preview: select count(1) AS count_calculations_1
from MART__TRANSACTIONS
left join MART.KYC_STATUS_TRANSACTIO...
    âŒ SQL Error: Cannot run the query: missing required parameters: #{"kyc_status_crypto"}

ğŸ“ Validating Question 25/38
--------------------------------------------------
  ğŸ” Validating Question 4005: Count completed transactions 2
    ğŸ“Š Database ID: 16
    ğŸ“ Query Type: native
    ğŸ” SQL Preview: select count(1) AS count_calculations_2
from MART.Transactions
left join MART.KYC_STATUS_TRANSACTION...
    âŒ SQL Error: Cannot run the query: missing required parameters: #{"kyc_status_crypto"}

ğŸ“ Validating Question 26/38
--------------------------------------------------
  ğŸ” Validating Question 4010: Change count completed transaction 
    ğŸ“Š Database ID: 16
    ğŸ“ Query Type: native
    ğŸ” SQL Preview: select (count(case when {{First_period}} then 1 end)-count(case when {{Second_period}} then 1 end))/...
    âŒ SQL Error: Cannot run the query: missing required parameters: #{"kyc_status_crypto"}

ğŸ“ Validating Question 27/38
--------------------------------------------------
  ğŸ” Validating Question 4001: Count calculations by user country 1
    ğŸ“Š Database ID: 16
    ğŸ“ Query Type: native
    ğŸ” SQL Preview: select USR_COUNTRY_ENG, count(1) as COUNT_CALCULATIONS_1, count(case when T_CONFIRMED then 1 end)/co...
    âœ… Query executed successfully!
    ğŸ“Š Rows returned: 244
    ğŸ“‹ Columns: 3
    ğŸ“ Column names: ['USR_COUNTRY_ENG', 'COUNT_CALCULATIONS_1', 'conversion_to_completed_transacntions']
    ğŸ“ˆ First row: [None, 18191686, 0.038015662759350616]
    ğŸ“ˆ Second row: ['United States of America', 3482886, 0.2014984125234073]

ğŸ“ Validating Question 28/38
--------------------------------------------------
  ğŸ” Validating Question 3990: Count calculations by country user 2
    ğŸ“Š Database ID: 16
    ğŸ“ Query Type: native
    ğŸ” SQL Preview: select USR_COUNTRY_ENG, count(1) AS count_calculations_2, count(case when T_CONFIRMED then 1 end)/co...
    âœ… Query executed successfully!
    ğŸ“Š Rows returned: 244
    ğŸ“‹ Columns: 3
    ğŸ“ Column names: ['USR_COUNTRY_ENG', 'count_calculations_2', 'conversion_to_completed_transacntions']
    ğŸ“ˆ First row: [None, 18191686, 0.038015662759350616]
    ğŸ“ˆ Second row: ['United States of America', 3482886, 0.2014984125234073]

ğŸ“ Validating Question 29/38
--------------------------------------------------
  ğŸ” Validating Question 4007: Group failed reason change
    ğŸ“Š Database ID: 16
    ğŸ“ Query Type: native
    ğŸ” SQL Preview: select GROUP_FAILED_REASON
     , count(case when MART__TRANSACTIONS.CONFIRMED is false and {{FIRST_...
    âŒ SQL Error: Cannot run the query: missing required parameters: #{"kyc_status_crypto"}

ğŸ“ Validating Question 30/38
--------------------------------------------------
  ğŸ” Validating Question 4004: Count calculations by partner change
    ğŸ“Š Database ID: 16
    ğŸ“ Query Type: native
    ğŸ” SQL Preview: select Partner_name
, count(case when T_CONFIRMED and {{FIRST_period}} then 1 end)/NULLIF(cast(count...
    âŒ SQL Error: Getting syntax error at line 3, column 97. Detail message: No viable statement for input 'cast(count(case when 1 = 1 then 1 end as'.

ğŸ“ Validating Question 31/38
--------------------------------------------------
  ğŸ” Validating Question 4024: Turnover by partner change
    ğŸ“Š Database ID: 16
    ğŸ“ Query Type: native
    ğŸ” SQL Preview: select widget_partner_name
, sum(case when MART__TRANSACTIONS.CONFIRMED and {{FIRST_period}} then MA...
    âŒ SQL Error: Cannot run the query: missing required parameters: #{"kyc_transaction_crypto"}

ğŸ“ Validating Question 32/38
--------------------------------------------------
  ğŸ” Validating Question 3994: Count calculations by country change
    ğŸ“Š Database ID: 16
    ğŸ“ Query Type: native
    ğŸ” SQL Preview: select USR_COUNTRY_ENG
, count(case when T_CONFIRMED and {{FIRST_period}} then 1 end)/NULLIF(cast(co...
    âŒ SQL Error: Getting syntax error at line 3, column 97. Detail message: No viable statement for input 'cast(count(case when 1 = 1 then 1 end as'.

ğŸ“ Validating Question 33/38
--------------------------------------------------
  ğŸ” Validating Question 3991: Antifraud reason changing  Group 1
    ğŸ“Š Database ID: 16
    ğŸ“ Query Type: native
    ğŸ” SQL Preview: 

-- CTE 1: ĞŸĞ¾Ğ´ÑÑ‡ĞµÑ‚ ĞĞ‘Ğ©Ğ•Ğ“Ğ Ñ‡Ğ¸ÑĞ»Ğ° Ñ€ĞµĞ´Ğ¶ĞµĞºÑ‚Ğ¾Ğ² Ğ¿Ğ¾ Ğ’Ğ¡Ğ•Ğœ Ğ¿Ñ€Ğ¸Ñ‡Ğ¸Ğ½Ğ°Ğ¼ (Ñ ÑƒÑ‡ĞµÑ‚Ğ¾Ğ¼ Ğ¾ÑĞ½Ğ¾Ğ²Ğ½Ñ‹Ñ… Ñ„Ğ¸Ğ»ÑŒÑ‚Ñ€Ğ¾Ğ², Ğ½Ğ¾ Ğ‘Ğ•Ğ— {{RE...
    âŒ SQL Error: Getting syntax error at line 9, column 24. Detail message: No viable statement for input 'WITH TotalRejectsAllReasons AS (
    SELECT
        SUM(CASE WHEN 1 = 1 THEN 1 ELSE 0 END) AS total_rejects_p1_all,
        SUM(CASE WHEN 1 = 1 THEN 1 ELSE 0 END) AS total_rejects_p2_all
    FROM MART__ANTIFRAUD_TX
    WHERE
        FINAL_STATUS IS FALSE'.

ğŸ“ Validating Question 34/38
--------------------------------------------------
  ğŸ” Validating Question 4008: Antifraud reason changing  Group 2
    ğŸ“Š Database ID: 16
    ğŸ“ Query Type: native
    ğŸ” SQL Preview: 

-- CTE 1: ĞŸĞ¾Ğ´ÑÑ‡ĞµÑ‚ ĞĞ‘Ğ©Ğ•Ğ“Ğ Ñ‡Ğ¸ÑĞ»Ğ° Ñ€ĞµĞ´Ğ¶ĞµĞºÑ‚Ğ¾Ğ² Ğ¿Ğ¾ Ğ’Ğ¡Ğ•Ğœ Ğ¿Ñ€Ğ¸Ñ‡Ğ¸Ğ½Ğ°Ğ¼ (Ñ ÑƒÑ‡ĞµÑ‚Ğ¾Ğ¼ Ğ¾ÑĞ½Ğ¾Ğ²Ğ½Ñ‹Ñ… Ñ„Ğ¸Ğ»ÑŒÑ‚Ñ€Ğ¾Ğ², Ğ½Ğ¾ Ğ‘Ğ•Ğ— {{RE...
    âŒ SQL Error: Getting syntax error at line 9, column 24. Detail message: No viable statement for input 'WITH TotalRejectsAllReasons AS (
    SELECT
        SUM(CASE WHEN 1 = 1 THEN 1 ELSE 0 END) AS total_rejects_p1_all,
        SUM(CASE WHEN 1 = 1 THEN 1 ELSE 0 END) AS total_rejects_p2_all
    FROM MART__ANTIFRAUD_TX
    WHERE
        FINAL_STATUS IS FALSE'.

ğŸ“ Validating Question 35/38
--------------------------------------------------
  ğŸ” Validating Question 4023: Antifraud reason changing  Group 3
    ğŸ“Š Database ID: 16
    ğŸ“ Query Type: native
    ğŸ” SQL Preview: 

-- CTE 1: ĞŸĞ¾Ğ´ÑÑ‡ĞµÑ‚ ĞĞ‘Ğ©Ğ•Ğ“Ğ Ñ‡Ğ¸ÑĞ»Ğ° Ñ€ĞµĞ´Ğ¶ĞµĞºÑ‚Ğ¾Ğ² Ğ¿Ğ¾ Ğ’Ğ¡Ğ•Ğœ Ğ¿Ñ€Ğ¸Ñ‡Ğ¸Ğ½Ğ°Ğ¼ (Ñ ÑƒÑ‡ĞµÑ‚Ğ¾Ğ¼ Ğ¾ÑĞ½Ğ¾Ğ²Ğ½Ñ‹Ñ… Ñ„Ğ¸Ğ»ÑŒÑ‚Ñ€Ğ¾Ğ², Ğ½Ğ¾ Ğ‘Ğ•Ğ— {{RE...
    âŒ SQL Error: Getting syntax error at line 9, column 24. Detail message: No viable statement for input 'WITH TotalRejectsAllReasons AS (
    SELECT
        SUM(CASE WHEN 1 = 1 THEN 1 ELSE 0 END) AS total_rejects_p1_all,
        SUM(CASE WHEN 1 = 1 THEN 1 ELSE 0 END) AS total_rejects_p2_all
    FROM MART__ANTIFRAUD_TX
    WHERE
        FINAL_STATUS IS FALSE'.

ğŸ“ Validating Question 36/38
--------------------------------------------------
  ğŸ” Validating Question 3992: Antifraud reason changing  Group 4
    ğŸ“Š Database ID: 16
    ğŸ“ Query Type: native
    ğŸ” SQL Preview: 

-- CTE 1: ĞŸĞ¾Ğ´ÑÑ‡ĞµÑ‚ ĞĞ‘Ğ©Ğ•Ğ“Ğ Ñ‡Ğ¸ÑĞ»Ğ° Ñ€ĞµĞ´Ğ¶ĞµĞºÑ‚Ğ¾Ğ² Ğ¿Ğ¾ Ğ’Ğ¡Ğ•Ğœ Ğ¿Ñ€Ğ¸Ñ‡Ğ¸Ğ½Ğ°Ğ¼ (Ñ ÑƒÑ‡ĞµÑ‚Ğ¾Ğ¼ Ğ¾ÑĞ½Ğ¾Ğ²Ğ½Ñ‹Ñ… Ñ„Ğ¸Ğ»ÑŒÑ‚Ñ€Ğ¾Ğ², Ğ½Ğ¾ Ğ‘Ğ•Ğ— {{RE...
    âŒ SQL Error: Getting syntax error at line 9, column 24. Detail message: No viable statement for input 'WITH TotalRejectsAllReasons AS (
    SELECT
        SUM(CASE WHEN 1 = 1 THEN 1 ELSE 0 END) AS total_rejects_p1_all,
        SUM(CASE WHEN 1 = 1 THEN 1 ELSE 0 END) AS total_rejects_p2_all
    FROM MART__ANTIFRAUD_TX
    WHERE
        FINAL_STATUS IS FALSE'.

ğŸ“ Validating Question 37/38
--------------------------------------------------
  ğŸ” Validating Question 4022: Antifraud reason changing  Group 5
    ğŸ“Š Database ID: 16
    ğŸ“ Query Type: native
    ğŸ” SQL Preview: 

-- CTE 1: ĞŸĞ¾Ğ´ÑÑ‡ĞµÑ‚ ĞĞ‘Ğ©Ğ•Ğ“Ğ Ñ‡Ğ¸ÑĞ»Ğ° Ñ€ĞµĞ´Ğ¶ĞµĞºÑ‚Ğ¾Ğ² Ğ¿Ğ¾ Ğ’Ğ¡Ğ•Ğœ Ğ¿Ñ€Ğ¸Ñ‡Ğ¸Ğ½Ğ°Ğ¼ (Ñ ÑƒÑ‡ĞµÑ‚Ğ¾Ğ¼ Ğ¾ÑĞ½Ğ¾Ğ²Ğ½Ñ‹Ñ… Ñ„Ğ¸Ğ»ÑŒÑ‚Ñ€Ğ¾Ğ², Ğ½Ğ¾ Ğ‘Ğ•Ğ— {{RE...
    âŒ SQL Error: Getting syntax error at line 9, column 24. Detail message: No viable statement for input 'WITH TotalRejectsAllReasons AS (
    SELECT
        SUM(CASE WHEN 1 = 1 THEN 1 ELSE 0 END) AS total_rejects_p1_all,
        SUM(CASE WHEN 1 = 1 THEN 1 ELSE 0 END) AS total_rejects_p2_all
    FROM MART__ANTIFRAUD_TX
    WHERE
        FINAL_STATUS IS FALSE'.

ğŸ“ Validating Question 38/38
--------------------------------------------------
  ğŸ” Validating Question 3997: Antifraud reason changing Total
    ğŸ“Š Database ID: 16
    ğŸ“ Query Type: native
    ğŸ” SQL Preview: 


select REASON_REJECT
     , count(case when {{First_period}} then 1 end) as COUNT_1
     , count(...
    âœ… Query executed successfully!
    ğŸ“Š Rows returned: 424
    ğŸ“‹ Columns: 6
    ğŸ“ Column names: ['REASON_REJECT', 'COUNT_1', 'percnt_1', 'count_2', 'perc_2', 'CHANGE_PERC']
    ğŸ“ˆ First row: [None, 7224199, 0.3688232361223614, 7224199, 0.3688232361223614, 0.0]
    ğŸ“ˆ Second row: ['riskified_pass_only_mobile', 3295586, 0.16825238250490449, 3295586, 0.16825238250490449, 0.0]

ğŸ‰ Validation Summary:
âœ… Successfully validated: 11/38 questions
âš ï¸  Some questions have issues. Migration may need fixes.
